# JRE version: Java(TM) SE Runtime Environment 18.9 (11.0.10+8) (build 11.0.10+8-LTS-162)
# Java VM: Java HotSpot(TM) 64-Bit Server VM 18.9 (11.0.10+8-LTS-162, mixed mode, tiered, compressed oops, g1 gc, linux-amd64)
Heap:
 garbage-first heap   total 256000K, used 55517K [0x0000000707000000, 0x0000000800000000)
  region size 1024K, 52 young (53248K), 6 survivors (6144K)
 Metaspace       used 28177K, capacity 29065K, committed 29232K, reserved 1075200K
  class space    used 3366K, capacity 3700K, committed 3712K, reserved 1048576K
GC Heap History (10 events):
Event: 0.655 GC heap before
{Heap before GC invocations=0 (full 0):
 garbage-first heap   total 256000K, used 13312K [0x0000000707000000, 0x0000000800000000)
  region size 1024K, 14 young (14336K), 0 survivors (0K)
 Metaspace       used 9475K, capacity 9755K, committed 9984K, reserved 1058816K
  class space    used 912K, capacity 975K, committed 1024K, reserved 1048576K
}
Event: 0.662 GC heap after
{Heap after GC invocations=1 (full 0):
 garbage-first heap   total 256000K, used 4115K [0x0000000707000000, 0x0000000800000000)
  region size 1024K, 2 young (2048K), 2 survivors (2048K)
 Metaspace       used 9475K, capacity 9755K, committed 9984K, reserved 1058816K
  class space    used 912K, capacity 975K, committed 1024K, reserved 1048576K
}
Event: 0.947 GC heap before
{Heap before GC invocations=1 (full 0):
 garbage-first heap   total 256000K, used 16403K [0x0000000707000000, 0x0000000800000000)
  region size 1024K, 14 young (14336K), 2 survivors (2048K)
 Metaspace       used 11752K, capacity 12215K, committed 12416K, reserved 1060864K
  class space    used 1225K, capacity 1390K, committed 1408K, reserved 1048576K
}
Event: 0.956 GC heap after
{Heap after GC invocations=2 (full 0):
 garbage-first heap   total 256000K, used 4713K [0x0000000707000000, 0x0000000800000000)
  region size 1024K, 1 young (1024K), 1 survivors (1024K)
 Metaspace       used 11752K, capacity 12215K, committed 12416K, reserved 1060864K
  class space    used 1225K, capacity 1390K, committed 1408K, reserved 1048576K
}
Event: 1.687 GC heap before
{Heap before GC invocations=2 (full 0):
 garbage-first heap   total 256000K, used 38505K [0x0000000707000000, 0x0000000800000000)
  region size 1024K, 34 young (34816K), 1 survivors (1024K)
 Metaspace       used 19516K, capacity 20278K, committed 20480K, reserved 1067008K
  class space    used 2164K, capacity 2443K, committed 2560K, reserved 1048576K
}
Event: 1.691 GC heap after
{Heap after GC invocations=3 (full 0):
 garbage-first heap   total 256000K, used 6790K [0x0000000707000000, 0x0000000800000000)
  region size 1024K, 3 young (3072K), 3 survivors (3072K)
 Metaspace       used 19516K, capacity 20278K, committed 20480K, reserved 1067008K
  class space    used 2164K, capacity 2443K, committed 2560K, reserved 1048576K
}
Event: 1.757 GC heap before
{Heap before GC invocations=3 (full 0):
 garbage-first heap   total 256000K, used 10886K [0x0000000707000000, 0x0000000800000000)
  region size 1024K, 8 young (8192K), 3 survivors (3072K)
 Metaspace       used 20365K, capacity 21094K, committed 21296K, reserved 1069056K
  class space    used 2298K, capacity 2564K, committed 2688K, reserved 1048576K
}
Event: 1.760 GC heap after
{Heap after GC invocations=4 (full 0):
 garbage-first heap   total 256000K, used 7257K [0x0000000707000000, 0x0000000800000000)
  region size 1024K, 3 young (3072K), 3 survivors (3072K)
 Metaspace       used 20365K, capacity 21094K, committed 21296K, reserved 1069056K
  class space    used 2298K, capacity 2564K, committed 2688K, reserved 1048576K
}
Event: 2.449 GC heap before
{Heap before GC invocations=5 (full 0):
 garbage-first heap   total 256000K, used 59481K [0x0000000707000000, 0x0000000800000000)
  region size 1024K, 54 young (55296K), 3 survivors (3072K)
 Metaspace       used 24060K, capacity 24898K, committed 25136K, reserved 1071104K
  class space    used 2767K, capacity 3083K, committed 3200K, reserved 1048576K
}
Event: 2.462 GC heap after
{Heap after GC invocations=6 (full 0):
 garbage-first heap   total 256000K, used 9437K [0x0000000707000000, 0x0000000800000000)
  region size 1024K, 6 young (6144K), 6 survivors (6144K)
 Metaspace       used 24060K, capacity 24898K, committed 25136K, reserved 1071104K
  class space    used 2767K, capacity 3083K, committed 3200K, reserved 1048576K
}

