# JRE version: Java(TM) SE Runtime Environment 18.9 (11.0.10+8) (build 11.0.10+8-LTS-162)
# Java VM: Java HotSpot(TM) 64-Bit Server VM 18.9 (11.0.10+8-LTS-162, mixed mode, tiered, compressed oops, g1 gc, linux-amd64)
Heap:
 garbage-first heap   total 307200K, used 137658K [0x0000000707000000, 0x0000000800000000)
  region size 1024K, 126 young (129024K), 10 survivors (10240K)
 Metaspace       used 28195K, capacity 29134K, committed 29360K, reserved 1075200K
  class space    used 3370K, capacity 3738K, committed 3840K, reserved 1048576K
GC Heap History (10 events):
Event: 1.450 GC heap before
{Heap before GC invocations=1 (full 0):
 garbage-first heap   total 256000K, used 44946K [0x0000000707000000, 0x0000000800000000)
  region size 1024K, 43 young (44032K), 2 survivors (2048K)
 Metaspace       used 20356K, capacity 21103K, committed 21296K, reserved 1069056K
  class space    used 2323K, capacity 2602K, committed 2688K, reserved 1048576K
}
Event: 1.471 GC heap after
{Heap after GC invocations=2 (full 0):
 garbage-first heap   total 256000K, used 7013K [0x0000000707000000, 0x0000000800000000)
  region size 1024K, 5 young (5120K), 5 survivors (5120K)
 Metaspace       used 20356K, capacity 21103K, committed 21296K, reserved 1069056K
  class space    used 2323K, capacity 2602K, committed 2688K, reserved 1048576K
}
Event: 1.796 GC heap before
{Heap before GC invocations=3 (full 0):
 garbage-first heap   total 256000K, used 38757K [0x0000000707000000, 0x0000000800000000)
  region size 1024K, 36 young (36864K), 5 survivors (5120K)
 Metaspace       used 22615K, capacity 23425K, committed 23600K, reserved 1071104K
  class space    used 2585K, capacity 2906K, committed 2944K, reserved 1048576K
}
Event: 1.803 GC heap after
{Heap after GC invocations=4 (full 0):
 garbage-first heap   total 256000K, used 8661K [0x0000000707000000, 0x0000000800000000)
  region size 1024K, 2 young (2048K), 2 survivors (2048K)
 Metaspace       used 22615K, capacity 23425K, committed 23600K, reserved 1071104K
  class space    used 2585K, capacity 2906K, committed 2944K, reserved 1048576K
}
Event: 2.316 GC heap before
{Heap before GC invocations=4 (full 0):
 garbage-first heap   total 256000K, used 59861K [0x0000000707000000, 0x0000000800000000)
  region size 1024K, 51 young (52224K), 2 survivors (2048K)
 Metaspace       used 27932K, capacity 28834K, committed 28976K, reserved 1075200K
  class space    used 3362K, capacity 3704K, committed 3712K, reserved 1048576K
}
Event: 2.322 GC heap after
{Heap after GC invocations=5 (full 0):
 garbage-first heap   total 256000K, used 10487K [0x0000000707000000, 0x0000000800000000)
  region size 1024K, 4 young (4096K), 4 survivors (4096K)
 Metaspace       used 27932K, capacity 28834K, committed 28976K, reserved 1075200K
  class space    used 3362K, capacity 3704K, committed 3712K, reserved 1048576K
}
Event: 2.995 GC heap before
{Heap before GC invocations=5 (full 0):
 garbage-first heap   total 256000K, used 74999K [0x0000000707000000, 0x0000000800000000)
  region size 1024K, 67 young (68608K), 4 survivors (4096K)
 Metaspace       used 28189K, capacity 29070K, committed 29360K, reserved 1075200K
  class space    used 3370K, capacity 3738K, committed 3840K, reserved 1048576K
}
Event: 3.013 GC heap after
{Heap after GC invocations=6 (full 0):
 garbage-first heap   total 307200K, used 15063K [0x0000000707000000, 0x0000000800000000)
  region size 1024K, 9 young (9216K), 9 survivors (9216K)
 Metaspace       used 28189K, capacity 29070K, committed 29360K, reserved 1075200K
  class space    used 3370K, capacity 3738K, committed 3840K, reserved 1048576K
}
Event: 3.273 GC heap before
{Heap before GC invocations=6 (full 0):
 garbage-first heap   total 307200K, used 100055K [0x0000000707000000, 0x0000000800000000)
  region size 1024K, 92 young (94208K), 9 survivors (9216K)
 Metaspace       used 28192K, capacity 29070K, committed 29360K, reserved 1075200K
  class space    used 3370K, capacity 3738K, committed 3840K, reserved 1048576K
}
Event: 3.287 GC heap after
{Heap after GC invocations=7 (full 0):
 garbage-first heap   total 307200K, used 19898K [0x0000000707000000, 0x0000000800000000)
  region size 1024K, 10 young (10240K), 10 survivors (10240K)
 Metaspace       used 28192K, capacity 29070K, committed 29360K, reserved 1075200K
  class space    used 3370K, capacity 3738K, committed 3840K, reserved 1048576K
}

