# JRE version: Java(TM) SE Runtime Environment 18.9 (11.0.10+8) (build 11.0.10+8-LTS-162)
# Java VM: Java HotSpot(TM) 64-Bit Server VM 18.9 (11.0.10+8-LTS-162, mixed mode, tiered, compressed oops, g1 gc, linux-amd64)
Heap:
 garbage-first heap   total 256000K, used 13933K [0x0000000707000000, 0x0000000800000000)
  region size 1024K, 8 young (8192K), 4 survivors (4096K)
 Metaspace       used 28106K, capacity 29003K, committed 29360K, reserved 1075200K
  class space    used 3370K, capacity 3738K, committed 3840K, reserved 1048576K
GC Heap History (8 events):
Event: 0.503 GC heap before
{Heap before GC invocations=0 (full 0):
 garbage-first heap   total 256000K, used 13312K [0x0000000707000000, 0x0000000800000000)
  region size 1024K, 14 young (14336K), 0 survivors (0K)
 Metaspace       used 10157K, capacity 10449K, committed 10624K, reserved 1058816K
  class space    used 1012K, capacity 1082K, committed 1152K, reserved 1048576K
}
Event: 0.515 GC heap after
{Heap after GC invocations=1 (full 0):
 garbage-first heap   total 256000K, used 3948K [0x0000000707000000, 0x0000000800000000)
  region size 1024K, 2 young (2048K), 2 survivors (2048K)
 Metaspace       used 10157K, capacity 10449K, committed 10624K, reserved 1058816K
  class space    used 1012K, capacity 1082K, committed 1152K, reserved 1048576K
}
Event: 1.308 GC heap before
{Heap before GC invocations=1 (full 0):
 garbage-first heap   total 256000K, used 44908K [0x0000000707000000, 0x0000000800000000)
  region size 1024K, 43 young (44032K), 2 survivors (2048K)
 Metaspace       used 20415K, capacity 21102K, committed 21296K, reserved 1069056K
  class space    used 2323K, capacity 2602K, committed 2688K, reserved 1048576K
}
Event: 1.350 GC heap after
{Heap after GC invocations=2 (full 0):
 garbage-first heap   total 256000K, used 7020K [0x0000000707000000, 0x0000000800000000)
  region size 1024K, 5 young (5120K), 5 survivors (5120K)
 Metaspace       used 20415K, capacity 21102K, committed 21296K, reserved 1069056K
  class space    used 2323K, capacity 2602K, committed 2688K, reserved 1048576K
}
Event: 1.716 GC heap before
{Heap before GC invocations=3 (full 0):
 garbage-first heap   total 256000K, used 37740K [0x0000000707000000, 0x0000000800000000)
  region size 1024K, 35 young (35840K), 5 survivors (5120K)
 Metaspace       used 22583K, capacity 23422K, committed 23600K, reserved 1071104K
  class space    used 2586K, capacity 2906K, committed 2944K, reserved 1048576K
}
Event: 1.724 GC heap after
{Heap after GC invocations=4 (full 0):
 garbage-first heap   total 256000K, used 8813K [0x0000000707000000, 0x0000000800000000)
  region size 1024K, 2 young (2048K), 2 survivors (2048K)
 Metaspace       used 22583K, capacity 23422K, committed 23600K, reserved 1071104K
  class space    used 2586K, capacity 2906K, committed 2944K, reserved 1048576K
}
Event: 2.237 GC heap before
{Heap before GC invocations=4 (full 0):
 garbage-first heap   total 256000K, used 58989K [0x0000000707000000, 0x0000000800000000)
  region size 1024K, 50 young (51200K), 2 survivors (2048K)
 Metaspace       used 27914K, capacity 28767K, committed 28976K, reserved 1075200K
  class space    used 3362K, capacity 3704K, committed 3712K, reserved 1048576K
}
Event: 2.245 GC heap after
{Heap after GC invocations=5 (full 0):
 garbage-first heap   total 256000K, used 10861K [0x0000000707000000, 0x0000000800000000)
  region size 1024K, 4 young (4096K), 4 survivors (4096K)
 Metaspace       used 27914K, capacity 28767K, committed 28976K, reserved 1075200K
  class space    used 3362K, capacity 3704K, committed 3712K, reserved 1048576K
}

